<?xml version="1.0" encoding="UTF-8"?>
<!-- Generated by org.testng.reporters.JUnitReportReporter -->
<testsuite hostname="DESKTOP-2QJGHUA" failures="0" tests="1" name="com.Maven1.qa.Testcases.LoginTest" time="1.221" errors="0" timestamp="01 Sep 2022 10:40:55 GMT" skipped="0">
  <testcase classname="com.Maven1.qa.Testcases.LoginTest" name="ZerodhaLoginPageTest" time="1.221"/>
</testsuite> <!-- com.Maven1.qa.Testcases.LoginTest -->
